<?xml version="1.0" encoding="UTF-8"?>
<testng-results ignored="0" total="1" passed="1" failed="0" skipped="0">
  <reporter-output>
  </reporter-output>
  <suite started-at="2022-09-01T18:14:44 IST" name="Default suite" finished-at="2022-09-01T18:15:19 IST" duration-ms="35105">
    <groups>
    </groups>
    <test started-at="2022-09-01T18:14:44 IST" name="Default test" finished-at="2022-09-01T18:15:19 IST" duration-ms="35105">
      <class name="amz.com.AmzC1">
        <test-method is-config="true" signature="extentReports()[pri:0, instance:amz.com.AmzC1@4efbca5a]" started-at="2022-09-01T18:14:44 IST" name="extentReports" finished-at="2022-09-01T18:14:44 IST" duration-ms="444" status="PASS">
          <reporter-output>
          </reporter-output>
        </test-method> <!-- extentReports -->
        <test-method is-config="true" signature="browserLaunch()[pri:0, instance:amz.com.AmzC1@4efbca5a]" started-at="2022-09-01T18:14:44 IST" name="browserLaunch" finished-at="2022-09-01T18:14:55 IST" duration-ms="11106" status="PASS">
          <reporter-output>
          </reporter-output>
        </test-method> <!-- browserLaunch -->
        <test-method is-config="true" signature="login_test()[pri:0, instance:amz.com.AmzC1@4efbca5a]" started-at="2022-09-01T18:14:55 IST" name="login_test" finished-at="2022-09-01T18:15:05 IST" duration-ms="10072" status="PASS">
          <reporter-output>
          </reporter-output>
        </test-method> <!-- login_test -->
        <test-method signature="TC_1()[pri:0, instance:amz.com.AmzC1@4efbca5a]" started-at="2022-09-01T18:15:05 IST" name="TC_1" finished-at="2022-09-01T18:15:13 IST" duration-ms="7702" status="PASS">
          <reporter-output>
          </reporter-output>
        </test-method> <!-- TC_1 -->
        <test-method is-config="true" signature="logpage()[pri:0, instance:amz.com.AmzC1@4efbca5a]" started-at="2022-09-01T18:15:13 IST" name="logpage" finished-at="2022-09-01T18:15:16 IST" duration-ms="3180" status="PASS">
          <reporter-output>
          </reporter-output>
        </test-method> <!-- logpage -->
        <test-method is-config="true" signature="CloseTest()[pri:0, instance:amz.com.AmzC1@4efbca5a]" started-at="2022-09-01T18:15:16 IST" name="CloseTest" finished-at="2022-09-01T18:15:19 IST" duration-ms="2503" status="PASS">
          <reporter-output>
          </reporter-output>
        </test-method> <!-- CloseTest -->
      </class> <!-- amz.com.AmzC1 -->
    </test> <!-- Default test -->
  </suite> <!-- Default suite -->
</testng-results>
